<?xml version="1.0" encoding="UTF-8"?>
<!-- Generated by org.testng.reporters.JUnitXMLReporter -->
<testsuite hostname="DESKTOP-OM2QHAP" name="Test" tests="3" failures="1" timestamp="16 Jan 2020 02:50:13 GMT" time="0.422" errors="0">
  <testcase name="test1" time="0.047" classname="testNgLearning.TestngListenersDemo"/>
  <testcase name="test2" time="0.0" classname="testNgLearning.TestngListenersDemo">
    <failure type="java.lang.AssertionError">
      <![CDATA[java.lang.AssertionError
	at org.junit.Assert.fail(Assert.java:86)
	at org.junit.Assert.assertTrue(Assert.java:41)
	at org.junit.Assert.assertTrue(Assert.java:52)
	at testNgLearning.TestngListenersDemo.test2(TestngListenersDemo.java:17)
... Removed 24 stack frames]]>
    </failure>
  </testcase> <!-- test2 -->
  <testcase name="test3" time="0.0" classname="testNgLearning.TestngListenersDemo">
    <skipped/>
  </testcase> <!-- test3 -->
</testsuite> <!-- Test -->
