<?xml version="1.0" encoding="UTF-8"?>
<testng-results skipped="0" failed="0" total="1" passed="1">
  <reporter-output>
  </reporter-output>
  <suite name="Default suite" duration-ms="19067" started-at="2020-01-18T04:50:23Z" finished-at="2020-01-18T04:50:42Z">
    <groups>
    </groups>
    <test name="Default test" duration-ms="19067" started-at="2020-01-18T04:50:23Z" finished-at="2020-01-18T04:50:42Z">
      <class name="actions.ResizableActions">
        <test-method status="PASS" signature="resize()[pri:0, instance:actions.ResizableActions@4cc0edeb]" name="resize" duration-ms="19026" started-at="2020-01-18T10:20:23Z" finished-at="2020-01-18T10:20:42Z">
          <reporter-output>
          </reporter-output>
        </test-method> <!-- resize -->
      </class> <!-- actions.ResizableActions -->
    </test> <!-- Default test -->
  </suite> <!-- Default suite -->
</testng-results>
